d:\vsproject\qfl\qflwork\debug\vc142.pdb
d:\vsproject\qfl\qflwork\debug\vc142.idb
d:\vsproject\qfl\qflwork\debug\hde64.obj
d:\vsproject\qfl\qflwork\debug\hde32.obj
d:\vsproject\qfl\qflwork\debug\utils.obj
d:\vsproject\qfl\qflwork\debug\network.obj
d:\vsproject\qfl\qflwork\debug\main.obj
d:\vsproject\qfl\qflwork\debug\log.obj
d:\vsproject\qfl\qflwork\debug\list.obj
d:\vsproject\qfl\qflwork\debug\inlinehook.obj
d:\vsproject\qfl\qflwork\debug\hardwarebp.obj
d:\vsproject\qfl\qflwork\debug\breakpoint.obj
d:\vsproject\qfl\qflwork\debug\qflwork.ilk
d:\vsproject\qfl\debug\qflwork.exe
d:\vsproject\qfl\debug\qflwork.pdb
d:\vsproject\qfl\debug\qflwork.lib
d:\vsproject\qfl\debug\qflwork.exp
d:\vsproject\qfl\qflwork\debug\qflwork.tlog\cl.command.1.tlog
d:\vsproject\qfl\qflwork\debug\qflwork.tlog\cl.read.1.tlog
d:\vsproject\qfl\qflwork\debug\qflwork.tlog\cl.write.1.tlog
d:\vsproject\qfl\qflwork\debug\qflwork.tlog\link.command.1.tlog
d:\vsproject\qfl\qflwork\debug\qflwork.tlog\link.read.1.tlog
d:\vsproject\qfl\qflwork\debug\qflwork.tlog\link.write.1.tlog
d:\vsproject\qfl\qflwork\debug\qflwork.tlog\qflwork.write.1u.tlog
